[ 2016-10-10T00:40:47+08:00 ] ::1 /ITBull/BigBull_03/thinkphp3.2/register
INFO: [ app_init ] --START--
INFO: Run Behavior\BuildLiteBehavior [ RunTime:0.000037s ]
INFO: [ app_init ] --END-- [ RunTime:0.000577s ]

[ 2016-10-10T00:40:47+08:00 ] ::1 /ITBull/BigBull_03/thinkphp3.2/Public/Home/owl-carousel/owl.transitions.css
INFO: [ app_init ] --START--
INFO: Run Behavior\BuildLiteBehavior [ RunTime:0.000057s ]
INFO: [ app_init ] --END-- [ RunTime:0.000937s ]
ERR: 无法加载控制器:Public

[ 2016-10-10T00:40:49+08:00 ] ::1 /ITBull/BigBull_03/thinkphp3.2/index.php/register.html
INFO: [ app_init ] --START--
INFO: Run Behavior\BuildLiteBehavior [ RunTime:0.000018s ]
INFO: [ app_init ] --END-- [ RunTime:0.000463s ]

[ 2016-10-10T00:40:51+08:00 ] ::1 /ITBull/BigBull_03/thinkphp3.2/Public/Home/owl-carousel/owl.transitions.css
INFO: [ app_init ] --START--
INFO: Run Behavior\BuildLiteBehavior [ RunTime:0.000028s ]
INFO: [ app_init ] --END-- [ RunTime:0.000613s ]
ERR: 无法加载控制器:Public

[ 2016-10-10T00:40:52+08:00 ] ::1 /ITBull/BigBull_03/thinkphp3.2/register
INFO: [ app_init ] --START--
INFO: Run Behavior\BuildLiteBehavior [ RunTime:0.000014s ]
INFO: [ app_init ] --END-- [ RunTime:0.000506s ]

[ 2016-10-10T00:40:52+08:00 ] ::1 /ITBull/BigBull_03/thinkphp3.2/Public/Home/owl-carousel/owl.transitions.css
INFO: [ app_init ] --START--
INFO: Run Behavior\BuildLiteBehavior [ RunTime:0.000017s ]
INFO: [ app_init ] --END-- [ RunTime:0.000641s ]
ERR: 无法加载控制器:Public

[ 2016-10-10T00:40:53+08:00 ] ::1 /ITBull/BigBull_03/thinkphp3.2/index.php/register.html
INFO: [ app_init ] --START--
INFO: Run Behavior\BuildLiteBehavior [ RunTime:0.000013s ]
INFO: [ app_init ] --END-- [ RunTime:0.000385s ]

[ 2016-10-10T00:41:24+08:00 ] ::1 /ITBull/BigBull_03/thinkphp3.2/index.php/register.html
INFO: [ app_init ] --START--
INFO: Run Behavior\BuildLiteBehavior [ RunTime:0.000012s ]
INFO: [ app_init ] --END-- [ RunTime:0.000382s ]

[ 2016-10-10T00:41:25+08:00 ] ::1 /ITBull/BigBull_03/thinkphp3.2/Public/Home/owl-carousel/owl.transitions.css
INFO: [ app_init ] --START--
INFO: Run Behavior\BuildLiteBehavior [ RunTime:0.000017s ]
INFO: [ app_init ] --END-- [ RunTime:0.000547s ]
ERR: 无法加载控制器:Public

[ 2016-10-10T00:41:27+08:00 ] ::1 /ITBull/BigBull_03/thinkphp3.2/register
INFO: [ app_init ] --START--
INFO: Run Behavior\BuildLiteBehavior [ RunTime:0.000026s ]
INFO: [ app_init ] --END-- [ RunTime:0.000631s ]

[ 2016-10-10T00:41:27+08:00 ] ::1 /ITBull/BigBull_03/thinkphp3.2/Public/Home/owl-carousel/owl.transitions.css
INFO: [ app_init ] --START--
INFO: Run Behavior\BuildLiteBehavior [ RunTime:0.000028s ]
INFO: [ app_init ] --END-- [ RunTime:0.000998s ]
ERR: 无法加载控制器:Public

[ 2016-10-10T00:41:28+08:00 ] ::1 /ITBull/BigBull_03/thinkphp3.2/register
INFO: [ app_init ] --START--
INFO: Run Behavior\BuildLiteBehavior [ RunTime:0.000015s ]
INFO: [ app_init ] --END-- [ RunTime:0.000386s ]

[ 2016-10-10T00:42:16+08:00 ] ::1 /ITBull/BigBull_03/thinkphp3.2/register
INFO: [ app_init ] --START--
INFO: Run Behavior\BuildLiteBehavior [ RunTime:0.000014s ]
INFO: [ app_init ] --END-- [ RunTime:0.000373s ]

[ 2016-10-10T00:42:16+08:00 ] ::1 /ITBull/BigBull_03/thinkphp3.2/Public/Home/owl-carousel/owl.transitions.css
INFO: [ app_init ] --START--
INFO: Run Behavior\BuildLiteBehavior [ RunTime:0.000022s ]
INFO: [ app_init ] --END-- [ RunTime:0.000812s ]
ERR: 无法加载控制器:Public

[ 2016-10-10T00:42:20+08:00 ] ::1 /ITBull/BigBull_03/thinkphp3.2/index.php/register.html
INFO: [ app_init ] --START--
INFO: Run Behavior\BuildLiteBehavior [ RunTime:0.000016s ]
INFO: [ app_init ] --END-- [ RunTime:0.000427s ]

[ 2016-10-10T00:43:56+08:00 ] ::1 /ITBull/BigBull_03/thinkphp3.2/Public/Home/owl-carousel/owl.transitions.css
INFO: [ app_init ] --START--
INFO: Run Behavior\BuildLiteBehavior [ RunTime:0.000028s ]
INFO: [ app_init ] --END-- [ RunTime:0.001059s ]
ERR: 无法加载控制器:Public

[ 2016-10-10T00:43:58+08:00 ] ::1 /ITBull/BigBull_03/thinkphp3.2/index.php/register.html
INFO: [ app_init ] --START--
INFO: Run Behavior\BuildLiteBehavior [ RunTime:0.000013s ]
INFO: [ app_init ] --END-- [ RunTime:0.000355s ]

[ 2016-10-10T00:44:40+08:00 ] ::1 /ITBull/BigBull_03/thinkphp3.2/Public/Home/owl-carousel/owl.transitions.css
INFO: [ app_init ] --START--
INFO: Run Behavior\BuildLiteBehavior [ RunTime:0.000016s ]
INFO: [ app_init ] --END-- [ RunTime:0.000608s ]
ERR: 无法加载控制器:Public

[ 2016-10-10T00:44:41+08:00 ] ::1 /ITBull/BigBull_03/thinkphp3.2/register
INFO: [ app_init ] --START--
INFO: Run Behavior\BuildLiteBehavior [ RunTime:0.000014s ]
INFO: [ app_init ] --END-- [ RunTime:0.000376s ]

[ 2016-10-10T00:44:41+08:00 ] ::1 /ITBull/BigBull_03/thinkphp3.2/Public/Home/owl-carousel/owl.transitions.css
INFO: [ app_init ] --START--
INFO: Run Behavior\BuildLiteBehavior [ RunTime:0.000016s ]
INFO: [ app_init ] --END-- [ RunTime:0.000479s ]
ERR: 无法加载控制器:Public

[ 2016-10-10T00:44:42+08:00 ] ::1 /ITBull/BigBull_03/thinkphp3.2/index.php/register.html
INFO: [ app_init ] --START--
INFO: Run Behavior\BuildLiteBehavior [ RunTime:0.000013s ]
INFO: [ app_init ] --END-- [ RunTime:0.000357s ]

[ 2016-10-10T00:45:13+08:00 ] ::1 /ITBull/BigBull_03/thinkphp3.2/index.php/register.html
INFO: [ app_init ] --START--
INFO: Run Behavior\BuildLiteBehavior [ RunTime:0.000047s ]
INFO: [ app_init ] --END-- [ RunTime:0.000834s ]

[ 2016-10-10T00:45:16+08:00 ] ::1 /ITBull/BigBull_03/thinkphp3.2/index.php/register.html
INFO: [ app_init ] --START--
INFO: Run Behavior\BuildLiteBehavior [ RunTime:0.000014s ]
INFO: [ app_init ] --END-- [ RunTime:0.000398s ]

[ 2016-10-10T00:45:16+08:00 ] ::1 /ITBull/BigBull_03/thinkphp3.2/Public/Home/owl-carousel/owl.transitions.css
INFO: [ app_init ] --START--
INFO: Run Behavior\BuildLiteBehavior [ RunTime:0.000015s ]
INFO: [ app_init ] --END-- [ RunTime:0.000392s ]
ERR: 无法加载控制器:Public

[ 2016-10-10T00:45:19+08:00 ] ::1 /ITBull/BigBull_03/thinkphp3.2/index.php/register.html
INFO: [ app_init ] --START--
INFO: Run Behavior\BuildLiteBehavior [ RunTime:0.000014s ]
INFO: [ app_init ] --END-- [ RunTime:0.000388s ]

[ 2016-10-10T00:45:22+08:00 ] ::1 /ITBull/BigBull_03/thinkphp3.2/index.php/register.html
INFO: [ app_init ] --START--
INFO: Run Behavior\BuildLiteBehavior [ RunTime:0.000018s ]
INFO: [ app_init ] --END-- [ RunTime:0.000478s ]

[ 2016-10-10T00:45:22+08:00 ] ::1 /ITBull/BigBull_03/thinkphp3.2/Public/Home/owl-carousel/owl.transitions.css
INFO: [ app_init ] --START--
INFO: Run Behavior\BuildLiteBehavior [ RunTime:0.000027s ]
INFO: [ app_init ] --END-- [ RunTime:0.001255s ]
ERR: 无法加载控制器:Public

[ 2016-10-10T00:46:23+08:00 ] ::1 /ITBull/BigBull_03/thinkphp3.2/index.php/register.html
INFO: [ app_init ] --START--
INFO: Run Behavior\BuildLiteBehavior [ RunTime:0.000014s ]
INFO: [ app_init ] --END-- [ RunTime:0.000397s ]

[ 2016-10-10T00:46:23+08:00 ] ::1 /ITBull/BigBull_03/thinkphp3.2/Public/Home/owl-carousel/owl.transitions.css
INFO: [ app_init ] --START--
INFO: Run Behavior\BuildLiteBehavior [ RunTime:0.000023s ]
INFO: [ app_init ] --END-- [ RunTime:0.000693s ]
ERR: 无法加载控制器:Public

[ 2016-10-10T00:46:24+08:00 ] ::1 /ITBull/BigBull_03/thinkphp3.2/index.php/register.html
INFO: [ app_init ] --START--
INFO: Run Behavior\BuildLiteBehavior [ RunTime:0.000013s ]
INFO: [ app_init ] --END-- [ RunTime:0.000381s ]

[ 2016-10-10T00:46:28+08:00 ] ::1 /ITBull/BigBull_03/thinkphp3.2/index.php/register.html
INFO: [ app_init ] --START--
INFO: Run Behavior\BuildLiteBehavior [ RunTime:0.000018s ]
INFO: [ app_init ] --END-- [ RunTime:0.000507s ]

[ 2016-10-10T00:46:28+08:00 ] ::1 /ITBull/BigBull_03/thinkphp3.2/Public/Home/owl-carousel/owl.transitions.css
INFO: [ app_init ] --START--
INFO: Run Behavior\BuildLiteBehavior [ RunTime:0.000016s ]
INFO: [ app_init ] --END-- [ RunTime:0.000541s ]
ERR: 无法加载控制器:Public

[ 2016-10-10T00:46:33+08:00 ] ::1 /ITBull/BigBull_03/thinkphp3.2/index.php/register.html
INFO: [ app_init ] --START--
INFO: Run Behavior\BuildLiteBehavior [ RunTime:0.000045s ]
INFO: [ app_init ] --END-- [ RunTime:0.000753s ]

[ 2016-10-10T00:46:36+08:00 ] ::1 /ITBull/BigBull_03/thinkphp3.2/index.php/register.html
INFO: [ app_init ] --START--
INFO: Run Behavior\BuildLiteBehavior [ RunTime:0.000016s ]
INFO: [ app_init ] --END-- [ RunTime:0.000429s ]

[ 2016-10-10T00:46:36+08:00 ] ::1 /ITBull/BigBull_03/thinkphp3.2/Public/Home/owl-carousel/owl.transitions.css
INFO: [ app_init ] --START--
INFO: Run Behavior\BuildLiteBehavior [ RunTime:0.000018s ]
INFO: [ app_init ] --END-- [ RunTime:0.000618s ]
ERR: 无法加载控制器:Public

[ 2016-10-10T00:46:48+08:00 ] ::1 /ITBull/BigBull_03/thinkphp3.2/index.php/register.html
INFO: [ app_init ] --START--
INFO: Run Behavior\BuildLiteBehavior [ RunTime:0.000016s ]
INFO: [ app_init ] --END-- [ RunTime:0.000674s ]

[ 2016-10-10T00:46:51+08:00 ] ::1 /ITBull/BigBull_03/thinkphp3.2/index.php/register.html
INFO: [ app_init ] --START--
INFO: Run Behavior\BuildLiteBehavior [ RunTime:0.000013s ]
INFO: [ app_init ] --END-- [ RunTime:0.000372s ]

[ 2016-10-10T00:46:51+08:00 ] ::1 /ITBull/BigBull_03/thinkphp3.2/Public/Home/owl-carousel/owl.transitions.css
INFO: [ app_init ] --START--
INFO: Run Behavior\BuildLiteBehavior [ RunTime:0.000016s ]
INFO: [ app_init ] --END-- [ RunTime:0.000453s ]
ERR: 无法加载控制器:Public

[ 2016-10-10T00:47:31+08:00 ] ::1 /ITBull/BigBull_03/thinkphp3.2/index.php/register.html
INFO: [ app_init ] --START--
INFO: Run Behavior\BuildLiteBehavior [ RunTime:0.000014s ]
INFO: [ app_init ] --END-- [ RunTime:0.000439s ]

[ 2016-10-10T00:47:34+08:00 ] ::1 /ITBull/BigBull_03/thinkphp3.2/index.php/register.html
INFO: [ app_init ] --START--
INFO: Run Behavior\BuildLiteBehavior [ RunTime:0.000015s ]
INFO: [ app_init ] --END-- [ RunTime:0.000467s ]

[ 2016-10-10T00:47:34+08:00 ] ::1 /ITBull/BigBull_03/thinkphp3.2/Public/Home/owl-carousel/owl.transitions.css
INFO: [ app_init ] --START--
INFO: Run Behavior\BuildLiteBehavior [ RunTime:0.000023s ]
INFO: [ app_init ] --END-- [ RunTime:0.000622s ]
ERR: 无法加载控制器:Public

[ 2016-10-10T00:47:51+08:00 ] ::1 /ITBull/BigBull_03/thinkphp3.2/index.php/register.html
INFO: [ app_init ] --START--
INFO: Run Behavior\BuildLiteBehavior [ RunTime:0.000014s ]
INFO: [ app_init ] --END-- [ RunTime:0.000413s ]

[ 2016-10-10T00:47:55+08:00 ] ::1 /ITBull/BigBull_03/thinkphp3.2/index.php/register.html
INFO: [ app_init ] --START--
INFO: Run Behavior\BuildLiteBehavior [ RunTime:0.000013s ]
INFO: [ app_init ] --END-- [ RunTime:0.000367s ]

[ 2016-10-10T00:47:55+08:00 ] ::1 /ITBull/BigBull_03/thinkphp3.2/Public/Home/owl-carousel/owl.transitions.css
INFO: [ app_init ] --START--
INFO: Run Behavior\BuildLiteBehavior [ RunTime:0.000019s ]
INFO: [ app_init ] --END-- [ RunTime:0.000520s ]
ERR: 无法加载控制器:Public

[ 2016-10-10T00:48:21+08:00 ] ::1 /ITBull/BigBull_03/thinkphp3.2/index.php/register.html
INFO: [ app_init ] --START--
INFO: Run Behavior\BuildLiteBehavior [ RunTime:0.000013s ]
INFO: [ app_init ] --END-- [ RunTime:0.000363s ]

[ 2016-10-10T00:48:25+08:00 ] ::1 /ITBull/BigBull_03/thinkphp3.2/index.php/register.html
INFO: [ app_init ] --START--
INFO: Run Behavior\BuildLiteBehavior [ RunTime:0.000013s ]
INFO: [ app_init ] --END-- [ RunTime:0.000444s ]

[ 2016-10-10T00:48:25+08:00 ] ::1 /ITBull/BigBull_03/thinkphp3.2/Public/Home/owl-carousel/owl.transitions.css
INFO: [ app_init ] --START--
INFO: Run Behavior\BuildLiteBehavior [ RunTime:0.000027s ]
INFO: [ app_init ] --END-- [ RunTime:0.000569s ]
ERR: 无法加载控制器:Public

[ 2016-10-10T00:48:30+08:00 ] ::1 /ITBull/BigBull_03/thinkphp3.2/index.php/register.html
INFO: [ app_init ] --START--
INFO: Run Behavior\BuildLiteBehavior [ RunTime:0.000012s ]
INFO: [ app_init ] --END-- [ RunTime:0.000359s ]

[ 2016-10-10T00:48:33+08:00 ] ::1 /ITBull/BigBull_03/thinkphp3.2/index.php/register.html
INFO: [ app_init ] --START--
INFO: Run Behavior\BuildLiteBehavior [ RunTime:0.000013s ]
INFO: [ app_init ] --END-- [ RunTime:0.000412s ]

[ 2016-10-10T00:48:33+08:00 ] ::1 /ITBull/BigBull_03/thinkphp3.2/Public/Home/owl-carousel/owl.transitions.css
INFO: [ app_init ] --START--
INFO: Run Behavior\BuildLiteBehavior [ RunTime:0.000015s ]
INFO: [ app_init ] --END-- [ RunTime:0.000406s ]
ERR: 无法加载控制器:Public

[ 2016-10-10T00:48:42+08:00 ] ::1 /ITBull/BigBull_03/thinkphp3.2/index.php/register.html
INFO: [ app_init ] --START--
INFO: Run Behavior\BuildLiteBehavior [ RunTime:0.000013s ]
INFO: [ app_init ] --END-- [ RunTime:0.000439s ]
ERR: Think\Model:checkPasswordStrong方法不存在！

[ 2016-10-10T00:52:49+08:00 ] ::1 /ITBull/BigBull_03/thinkphp3.2/index.php/register.html
INFO: [ app_init ] --START--
INFO: Run Behavior\BuildLiteBehavior [ RunTime:0.000020s ]
INFO: [ app_init ] --END-- [ RunTime:0.001048s ]
ERR: 1062:Duplicate entry '' for key 'name'
 [ SQL语句 ] : INSERT INTO `yao_member` (`email`,`name`,`password`,`is_newsletter`) VALUES ('','','123456','0')

[ 2016-10-10T00:52:51+08:00 ] ::1 /ITBull/BigBull_03/thinkphp3.2/Public/Home/owl-carousel/owl.transitions.css
INFO: [ app_init ] --START--
INFO: Run Behavior\BuildLiteBehavior [ RunTime:0.000028s ]
INFO: [ app_init ] --END-- [ RunTime:0.001233s ]
ERR: 无法加载控制器:Public

[ 2016-10-10T00:52:53+08:00 ] ::1 /ITBull/BigBull_03/thinkphp3.2/index.php/register.html
INFO: [ app_init ] --START--
INFO: Run Behavior\BuildLiteBehavior [ RunTime:0.000027s ]
INFO: [ app_init ] --END-- [ RunTime:0.001587s ]
ERR: 1062:Duplicate entry '' for key 'name'
 [ SQL语句 ] : INSERT INTO `yao_member` (`email`,`name`,`password`,`is_newsletter`) VALUES ('','','','0')

[ 2016-10-10T00:52:58+08:00 ] ::1 /ITBull/BigBull_03/thinkphp3.2/Public/Home/owl-carousel/owl.transitions.css
INFO: [ app_init ] --START--
INFO: Run Behavior\BuildLiteBehavior [ RunTime:0.000016s ]
INFO: [ app_init ] --END-- [ RunTime:0.000404s ]
ERR: 无法加载控制器:Public

[ 2016-10-10T00:53:02+08:00 ] ::1 /ITBull/BigBull_03/thinkphp3.2/index.php/register.html
INFO: [ app_init ] --START--
INFO: Run Behavior\BuildLiteBehavior [ RunTime:0.000014s ]
INFO: [ app_init ] --END-- [ RunTime:0.000376s ]
ERR: 1062:Duplicate entry '' for key 'name'
 [ SQL语句 ] : INSERT INTO `yao_member` (`email`,`name`,`password`,`is_newsletter`) VALUES ('','','','1')

[ 2016-10-10T00:53:03+08:00 ] ::1 /ITBull/BigBull_03/thinkphp3.2/Public/Home/owl-carousel/owl.transitions.css
INFO: [ app_init ] --START--
INFO: Run Behavior\BuildLiteBehavior [ RunTime:0.000019s ]
INFO: [ app_init ] --END-- [ RunTime:0.000422s ]
ERR: 无法加载控制器:Public

[ 2016-10-10T00:53:22+08:00 ] ::1 /ITBull/BigBull_03/thinkphp3.2/index.php/register.html
INFO: [ app_init ] --START--
INFO: Run Behavior\BuildLiteBehavior [ RunTime:0.000013s ]
INFO: [ app_init ] --END-- [ RunTime:0.000358s ]

[ 2016-10-10T00:53:22+08:00 ] ::1 /ITBull/BigBull_03/thinkphp3.2/Public/Home/owl-carousel/owl.transitions.css
INFO: [ app_init ] --START--
INFO: Run Behavior\BuildLiteBehavior [ RunTime:0.000026s ]
INFO: [ app_init ] --END-- [ RunTime:0.000861s ]
ERR: 无法加载控制器:Public

[ 2016-10-10T00:53:26+08:00 ] ::1 /ITBull/BigBull_03/thinkphp3.2/index.php/register.html
INFO: [ app_init ] --START--
INFO: Run Behavior\BuildLiteBehavior [ RunTime:0.000057s ]
INFO: [ app_init ] --END-- [ RunTime:0.000946s ]

[ 2016-10-10T00:53:29+08:00 ] ::1 /ITBull/BigBull_03/thinkphp3.2/index.php/register.html
INFO: [ app_init ] --START--
INFO: Run Behavior\BuildLiteBehavior [ RunTime:0.000014s ]
INFO: [ app_init ] --END-- [ RunTime:0.000433s ]

[ 2016-10-10T00:53:29+08:00 ] ::1 /ITBull/BigBull_03/thinkphp3.2/Public/Home/owl-carousel/owl.transitions.css
INFO: [ app_init ] --START--
INFO: Run Behavior\BuildLiteBehavior [ RunTime:0.000016s ]
INFO: [ app_init ] --END-- [ RunTime:0.000540s ]
ERR: 无法加载控制器:Public

[ 2016-10-10T00:53:31+08:00 ] ::1 /ITBull/BigBull_03/thinkphp3.2/index.php/register.html
INFO: [ app_init ] --START--
INFO: Run Behavior\BuildLiteBehavior [ RunTime:0.000013s ]
INFO: [ app_init ] --END-- [ RunTime:0.000354s ]

[ 2016-10-10T00:53:34+08:00 ] ::1 /ITBull/BigBull_03/thinkphp3.2/index.php/register.html
INFO: [ app_init ] --START--
INFO: Run Behavior\BuildLiteBehavior [ RunTime:0.000015s ]
INFO: [ app_init ] --END-- [ RunTime:0.000410s ]

[ 2016-10-10T00:53:34+08:00 ] ::1 /ITBull/BigBull_03/thinkphp3.2/Public/Home/owl-carousel/owl.transitions.css
INFO: [ app_init ] --START--
INFO: Run Behavior\BuildLiteBehavior [ RunTime:0.000015s ]
INFO: [ app_init ] --END-- [ RunTime:0.000420s ]
ERR: 无法加载控制器:Public

[ 2016-10-10T00:53:37+08:00 ] ::1 /ITBull/BigBull_03/thinkphp3.2/index.php/register.html
INFO: [ app_init ] --START--
INFO: Run Behavior\BuildLiteBehavior [ RunTime:0.000017s ]
INFO: [ app_init ] --END-- [ RunTime:0.000450s ]
ERR: 1062:Duplicate entry '' for key 'name'
 [ SQL语句 ] : INSERT INTO `yao_member` (`email`,`name`,`password`,`is_newsletter`) VALUES ('','','','0')

[ 2016-10-10T00:56:48+08:00 ] ::1 /ITBull/BigBull_03/thinkphp3.2/Public/Home/owl-carousel/owl.transitions.css
INFO: [ app_init ] --START--
INFO: Run Behavior\BuildLiteBehavior [ RunTime:0.000018s ]
INFO: [ app_init ] --END-- [ RunTime:0.000735s ]
ERR: 无法加载控制器:Public

[ 2016-10-10T00:56:50+08:00 ] ::1 /ITBull/BigBull_03/thinkphp3.2/index.php/register.html
INFO: [ app_init ] --START--
INFO: Run Behavior\BuildLiteBehavior [ RunTime:0.000055s ]
INFO: [ app_init ] --END-- [ RunTime:0.000424s ]
ERR: 1062:Duplicate entry '' for key 'name'
 [ SQL语句 ] : INSERT INTO `yao_member` (`email`,`name`,`password`,`is_newsletter`) VALUES ('','','','0')

[ 2016-10-10T00:59:10+08:00 ] ::1 /ITBull/BigBull_03/thinkphp3.2/Public/Home/owl-carousel/owl.transitions.css
INFO: [ app_init ] --START--
INFO: Run Behavior\BuildLiteBehavior [ RunTime:0.000030s ]
INFO: [ app_init ] --END-- [ RunTime:0.000860s ]
ERR: 无法加载控制器:Public

[ 2016-10-10T00:59:12+08:00 ] ::1 /ITBull/BigBull_03/thinkphp3.2/index.php/register.html
INFO: [ app_init ] --START--
INFO: Run Behavior\BuildLiteBehavior [ RunTime:0.000013s ]
INFO: [ app_init ] --END-- [ RunTime:0.000360s ]

[ 2016-10-10T00:59:13+08:00 ] ::1 /ITBull/BigBull_03/thinkphp3.2/index.php/center.html
INFO: [ app_init ] --START--
INFO: Run Behavior\BuildLiteBehavior [ RunTime:0.000013s ]
INFO: [ app_init ] --END-- [ RunTime:0.000377s ]
ERR: 无法加载控制器:Center

[ 2016-10-10T01:00:34+08:00 ] ::1 /ITBull/BigBull_03/thinkphp3.2/index.php/center.html
INFO: [ app_init ] --START--
INFO: Run Behavior\BuildLiteBehavior [ RunTime:0.000034s ]
INFO: [ app_init ] --END-- [ RunTime:0.000844s ]
ERR: 无法加载控制器:Center

[ 2016-10-10T01:00:35+08:00 ] ::1 /ITBull/BigBull_03/thinkphp3.2/index.php/register.html
INFO: [ app_init ] --START--
INFO: Run Behavior\BuildLiteBehavior [ RunTime:0.000015s ]
INFO: [ app_init ] --END-- [ RunTime:0.000427s ]

[ 2016-10-10T01:00:35+08:00 ] ::1 /ITBull/BigBull_03/thinkphp3.2/Public/Home/owl-carousel/owl.transitions.css
INFO: [ app_init ] --START--
INFO: Run Behavior\BuildLiteBehavior [ RunTime:0.000022s ]
INFO: [ app_init ] --END-- [ RunTime:0.000699s ]
ERR: 无法加载控制器:Public

[ 2016-10-10T01:00:37+08:00 ] ::1 /ITBull/BigBull_03/thinkphp3.2/index.php/register.html
INFO: [ app_init ] --START--
INFO: Run Behavior\BuildLiteBehavior [ RunTime:0.000014s ]
INFO: [ app_init ] --END-- [ RunTime:0.000381s ]

[ 2016-10-10T01:00:37+08:00 ] ::1 /ITBull/BigBull_03/thinkphp3.2/Public/Home/owl-carousel/owl.transitions.css
INFO: [ app_init ] --START--
INFO: Run Behavior\BuildLiteBehavior [ RunTime:0.000016s ]
INFO: [ app_init ] --END-- [ RunTime:0.000674s ]
ERR: 无法加载控制器:Public

[ 2016-10-10T01:00:39+08:00 ] ::1 /ITBull/BigBull_03/thinkphp3.2/index.php/register.html
INFO: [ app_init ] --START--
INFO: Run Behavior\BuildLiteBehavior [ RunTime:0.000013s ]
INFO: [ app_init ] --END-- [ RunTime:0.000490s ]

[ 2016-10-10T01:01:00+08:00 ] ::1 /ITBull/BigBull_03/thinkphp3.2/index.php/register.html
INFO: [ app_init ] --START--
INFO: Run Behavior\BuildLiteBehavior [ RunTime:0.000016s ]
INFO: [ app_init ] --END-- [ RunTime:0.000490s ]

[ 2016-10-10T01:01:01+08:00 ] ::1 /ITBull/BigBull_03/thinkphp3.2/Public/Home/owl-carousel/owl.transitions.css
INFO: [ app_init ] --START--
INFO: Run Behavior\BuildLiteBehavior [ RunTime:0.000030s ]
INFO: [ app_init ] --END-- [ RunTime:0.000980s ]
ERR: 无法加载控制器:Public

[ 2016-10-10T01:01:02+08:00 ] ::1 /ITBull/BigBull_03/thinkphp3.2/index.php/register.html
INFO: [ app_init ] --START--
INFO: Run Behavior\BuildLiteBehavior [ RunTime:0.000015s ]
INFO: [ app_init ] --END-- [ RunTime:0.000432s ]

[ 2016-10-10T01:01:05+08:00 ] ::1 /ITBull/BigBull_03/thinkphp3.2/index.php/register.html
INFO: [ app_init ] --START--
INFO: Run Behavior\BuildLiteBehavior [ RunTime:0.000017s ]
INFO: [ app_init ] --END-- [ RunTime:0.000478s ]

[ 2016-10-10T01:01:05+08:00 ] ::1 /ITBull/BigBull_03/thinkphp3.2/Public/Home/owl-carousel/owl.transitions.css
INFO: [ app_init ] --START--
INFO: Run Behavior\BuildLiteBehavior [ RunTime:0.000025s ]
INFO: [ app_init ] --END-- [ RunTime:0.000627s ]
ERR: 无法加载控制器:Public

[ 2016-10-10T01:01:09+08:00 ] ::1 /ITBull/BigBull_03/thinkphp3.2/index.php/register.html
INFO: [ app_init ] --START--
INFO: Run Behavior\BuildLiteBehavior [ RunTime:0.000016s ]
INFO: [ app_init ] --END-- [ RunTime:0.000450s ]

[ 2016-10-10T01:01:12+08:00 ] ::1 /ITBull/BigBull_03/thinkphp3.2/index.php/register.html
INFO: [ app_init ] --START--
INFO: Run Behavior\BuildLiteBehavior [ RunTime:0.000022s ]
INFO: [ app_init ] --END-- [ RunTime:0.000411s ]

[ 2016-10-10T01:01:12+08:00 ] ::1 /ITBull/BigBull_03/thinkphp3.2/Public/Home/owl-carousel/owl.transitions.css
INFO: [ app_init ] --START--
INFO: Run Behavior\BuildLiteBehavior [ RunTime:0.000035s ]
INFO: [ app_init ] --END-- [ RunTime:0.000608s ]
ERR: 无法加载控制器:Public

[ 2016-10-10T01:01:22+08:00 ] ::1 /ITBull/BigBull_03/thinkphp3.2/index.php/register.html
INFO: [ app_init ] --START--
INFO: Run Behavior\BuildLiteBehavior [ RunTime:0.000014s ]
INFO: [ app_init ] --END-- [ RunTime:0.000404s ]

[ 2016-10-10T01:01:26+08:00 ] ::1 /ITBull/BigBull_03/thinkphp3.2/index.php/register.html
INFO: [ app_init ] --START--
INFO: Run Behavior\BuildLiteBehavior [ RunTime:0.000013s ]
INFO: [ app_init ] --END-- [ RunTime:0.000370s ]

[ 2016-10-10T01:01:26+08:00 ] ::1 /ITBull/BigBull_03/thinkphp3.2/Public/Home/owl-carousel/owl.transitions.css
INFO: [ app_init ] --START--
INFO: Run Behavior\BuildLiteBehavior [ RunTime:0.000022s ]
INFO: [ app_init ] --END-- [ RunTime:0.000606s ]
ERR: 无法加载控制器:Public

[ 2016-10-10T01:01:49+08:00 ] ::1 /ITBull/BigBull_03/thinkphp3.2/index.php/register.html
INFO: [ app_init ] --START--
INFO: Run Behavior\BuildLiteBehavior [ RunTime:0.000015s ]
INFO: [ app_init ] --END-- [ RunTime:0.000432s ]

[ 2016-10-10T01:01:52+08:00 ] ::1 /ITBull/BigBull_03/thinkphp3.2/index.php/register.html
INFO: [ app_init ] --START--
INFO: Run Behavior\BuildLiteBehavior [ RunTime:0.000014s ]
INFO: [ app_init ] --END-- [ RunTime:0.000424s ]

[ 2016-10-10T01:01:52+08:00 ] ::1 /ITBull/BigBull_03/thinkphp3.2/Public/Home/owl-carousel/owl.transitions.css
INFO: [ app_init ] --START--
INFO: Run Behavior\BuildLiteBehavior [ RunTime:0.000016s ]
INFO: [ app_init ] --END-- [ RunTime:0.000526s ]
ERR: 无法加载控制器:Public

[ 2016-10-10T01:02:07+08:00 ] ::1 /ITBull/BigBull_03/thinkphp3.2/index.php/register.html
INFO: [ app_init ] --START--
INFO: Run Behavior\BuildLiteBehavior [ RunTime:0.000013s ]
INFO: [ app_init ] --END-- [ RunTime:0.000364s ]

[ 2016-10-10T01:02:10+08:00 ] ::1 /ITBull/BigBull_03/thinkphp3.2/index.php/register.html
INFO: [ app_init ] --START--
INFO: Run Behavior\BuildLiteBehavior [ RunTime:0.000017s ]
INFO: [ app_init ] --END-- [ RunTime:0.000483s ]

[ 2016-10-10T01:02:10+08:00 ] ::1 /ITBull/BigBull_03/thinkphp3.2/Public/Home/owl-carousel/owl.transitions.css
INFO: [ app_init ] --START--
INFO: Run Behavior\BuildLiteBehavior [ RunTime:0.000022s ]
INFO: [ app_init ] --END-- [ RunTime:0.000605s ]
ERR: 无法加载控制器:Public

[ 2016-10-10T01:02:28+08:00 ] ::1 /ITBull/BigBull_03/thinkphp3.2/index.php/register.html
INFO: [ app_init ] --START--
INFO: Run Behavior\BuildLiteBehavior [ RunTime:0.000023s ]
INFO: [ app_init ] --END-- [ RunTime:0.000836s ]

[ 2016-10-10T01:02:31+08:00 ] ::1 /ITBull/BigBull_03/thinkphp3.2/index.php/register.html
INFO: [ app_init ] --START--
INFO: Run Behavior\BuildLiteBehavior [ RunTime:0.000013s ]
INFO: [ app_init ] --END-- [ RunTime:0.000370s ]

[ 2016-10-10T01:02:31+08:00 ] ::1 /ITBull/BigBull_03/thinkphp3.2/Public/Home/owl-carousel/owl.transitions.css
INFO: [ app_init ] --START--
INFO: Run Behavior\BuildLiteBehavior [ RunTime:0.000014s ]
INFO: [ app_init ] --END-- [ RunTime:0.000415s ]
ERR: 无法加载控制器:Public

[ 2016-10-10T01:02:51+08:00 ] ::1 /ITBull/BigBull_03/thinkphp3.2/index.php/register.html
INFO: [ app_init ] --START--
INFO: Run Behavior\BuildLiteBehavior [ RunTime:0.000017s ]
INFO: [ app_init ] --END-- [ RunTime:0.000540s ]

[ 2016-10-10T01:02:51+08:00 ] ::1 /ITBull/BigBull_03/thinkphp3.2/Public/Home/owl-carousel/owl.transitions.css
INFO: [ app_init ] --START--
INFO: Run Behavior\BuildLiteBehavior [ RunTime:0.000026s ]
INFO: [ app_init ] --END-- [ RunTime:0.000931s ]
ERR: 无法加载控制器:Public

[ 2016-10-10T01:02:52+08:00 ] ::1 /ITBull/BigBull_03/thinkphp3.2/index.php/register.html
INFO: [ app_init ] --START--
INFO: Run Behavior\BuildLiteBehavior [ RunTime:0.000026s ]
INFO: [ app_init ] --END-- [ RunTime:0.000818s ]

[ 2016-10-10T01:02:55+08:00 ] ::1 /ITBull/BigBull_03/thinkphp3.2/index.php/register.html
INFO: [ app_init ] --START--
INFO: Run Behavior\BuildLiteBehavior [ RunTime:0.000013s ]
INFO: [ app_init ] --END-- [ RunTime:0.000416s ]

[ 2016-10-10T01:02:55+08:00 ] ::1 /ITBull/BigBull_03/thinkphp3.2/Public/Home/owl-carousel/owl.transitions.css
INFO: [ app_init ] --START--
INFO: Run Behavior\BuildLiteBehavior [ RunTime:0.000025s ]
INFO: [ app_init ] --END-- [ RunTime:0.000662s ]
ERR: 无法加载控制器:Public

[ 2016-10-10T01:02:59+08:00 ] ::1 /ITBull/BigBull_03/thinkphp3.2/index.php/register.html
INFO: [ app_init ] --START--
INFO: Run Behavior\BuildLiteBehavior [ RunTime:0.000014s ]
INFO: [ app_init ] --END-- [ RunTime:0.000406s ]
ERR: 1062:Duplicate entry '' for key 'name'
 [ SQL语句 ] : INSERT INTO `yao_member` (`email`,`name`,`password`,`is_newsletter`) VALUES ('','','','1')

[ 2016-10-10T01:03:07+08:00 ] ::1 /ITBull/BigBull_03/thinkphp3.2/Public/Home/owl-carousel/owl.transitions.css
INFO: [ app_init ] --START--
INFO: Run Behavior\BuildLiteBehavior [ RunTime:0.000016s ]
INFO: [ app_init ] --END-- [ RunTime:0.000458s ]
ERR: 无法加载控制器:Public

[ 2016-10-10T01:03:35+08:00 ] ::1 /ITBull/BigBull_03/thinkphp3.2/index.php/register.html
INFO: [ app_init ] --START--
INFO: Run Behavior\BuildLiteBehavior [ RunTime:0.000018s ]
INFO: [ app_init ] --END-- [ RunTime:0.000395s ]

[ 2016-10-10T01:03:36+08:00 ] ::1 /ITBull/BigBull_03/thinkphp3.2/index.php/center.html
INFO: [ app_init ] --START--
INFO: Run Behavior\BuildLiteBehavior [ RunTime:0.000020s ]
INFO: [ app_init ] --END-- [ RunTime:0.000477s ]
ERR: 无法加载控制器:Center

[ 2016-10-10T01:03:45+08:00 ] ::1 /ITBull/BigBull_03/thinkphp3.2/index.php/register.html
INFO: [ app_init ] --START--
INFO: Run Behavior\BuildLiteBehavior [ RunTime:0.000014s ]
INFO: [ app_init ] --END-- [ RunTime:0.000395s ]

[ 2016-10-10T01:03:45+08:00 ] ::1 /ITBull/BigBull_03/thinkphp3.2/Public/Home/owl-carousel/owl.transitions.css
INFO: [ app_init ] --START--
INFO: Run Behavior\BuildLiteBehavior [ RunTime:0.000018s ]
INFO: [ app_init ] --END-- [ RunTime:0.000583s ]
ERR: 无法加载控制器:Public

[ 2016-10-10T01:03:54+08:00 ] ::1 /ITBull/BigBull_03/thinkphp3.2/index.php/register.html
INFO: [ app_init ] --START--
INFO: Run Behavior\BuildLiteBehavior [ RunTime:0.000013s ]
INFO: [ app_init ] --END-- [ RunTime:0.000365s ]

[ 2016-10-10T01:03:58+08:00 ] ::1 /ITBull/BigBull_03/thinkphp3.2/index.php/register.html
INFO: [ app_init ] --START--
INFO: Run Behavior\BuildLiteBehavior [ RunTime:0.000014s ]
INFO: [ app_init ] --END-- [ RunTime:0.000405s ]

[ 2016-10-10T01:03:58+08:00 ] ::1 /ITBull/BigBull_03/thinkphp3.2/Public/Home/owl-carousel/owl.transitions.css
INFO: [ app_init ] --START--
INFO: Run Behavior\BuildLiteBehavior [ RunTime:0.000015s ]
INFO: [ app_init ] --END-- [ RunTime:0.000432s ]
ERR: 无法加载控制器:Public

[ 2016-10-10T01:06:16+08:00 ] ::1 /ITBull/BigBull_03/thinkphp3.2/index.php/register.html
INFO: [ app_init ] --START--
INFO: Run Behavior\BuildLiteBehavior [ RunTime:0.000014s ]
INFO: [ app_init ] --END-- [ RunTime:0.000449s ]

[ 2016-10-10T01:06:19+08:00 ] ::1 /ITBull/BigBull_03/thinkphp3.2/index.php/register.html
INFO: [ app_init ] --START--
INFO: Run Behavior\BuildLiteBehavior [ RunTime:0.000017s ]
INFO: [ app_init ] --END-- [ RunTime:0.000456s ]

[ 2016-10-10T01:06:19+08:00 ] ::1 /ITBull/BigBull_03/thinkphp3.2/Public/Home/owl-carousel/owl.transitions.css
INFO: [ app_init ] --START--
INFO: Run Behavior\BuildLiteBehavior [ RunTime:0.000021s ]
INFO: [ app_init ] --END-- [ RunTime:0.000708s ]
ERR: 无法加载控制器:Public

[ 2016-10-10T17:15:58+08:00 ] ::1 /ITBull/BigBull_03/thinkphp3.2/
INFO: [ app_init ] --START--
INFO: Run Behavior\BuildLiteBehavior [ RunTime:0.000018s ]
INFO: [ app_init ] --END-- [ RunTime:0.023284s ]

[ 2016-10-10T20:22:38+08:00 ] ::1 /ITBull/BigBull_03/thinkphp3.2/
INFO: [ app_init ] --START--
INFO: Run Behavior\BuildLiteBehavior [ RunTime:0.000028s ]
INFO: [ app_init ] --END-- [ RunTime:0.010312s ]

[ 2016-10-10T20:22:47+08:00 ] ::1 /ITBull/BigBull_03/thinkphp3.2/register
INFO: [ app_init ] --START--
INFO: Run Behavior\BuildLiteBehavior [ RunTime:0.000014s ]
INFO: [ app_init ] --END-- [ RunTime:0.000411s ]

[ 2016-10-10T20:22:50+08:00 ] ::1 /ITBull/BigBull_03/thinkphp3.2/Public/Home/owl-carousel/owl.transitions.css
INFO: [ app_init ] --START--
INFO: Run Behavior\BuildLiteBehavior [ RunTime:0.000019s ]
INFO: [ app_init ] --END-- [ RunTime:0.000752s ]
ERR: 无法加载控制器:Public

[ 2016-10-10T20:22:56+08:00 ] ::1 /ITBull/BigBull_03/thinkphp3.2/Public/Home/image/catalog/cart.png
INFO: [ app_init ] --START--
INFO: Run Behavior\BuildLiteBehavior [ RunTime:0.000016s ]
INFO: [ app_init ] --END-- [ RunTime:0.000556s ]

[ 2016-10-10T20:23:30+08:00 ] ::1 /ITBull/BigBull_03/thinkphp3.2/index.php/register.html
INFO: [ app_init ] --START--
INFO: Run Behavior\BuildLiteBehavior [ RunTime:0.000016s ]
INFO: [ app_init ] --END-- [ RunTime:0.000458s ]

[ 2016-10-10T20:23:33+08:00 ] ::1 /ITBull/BigBull_03/thinkphp3.2/index.php/register.html
INFO: [ app_init ] --START--
INFO: Run Behavior\BuildLiteBehavior [ RunTime:0.000071s ]
INFO: [ app_init ] --END-- [ RunTime:0.000547s ]

[ 2016-10-10T20:23:33+08:00 ] ::1 /ITBull/BigBull_03/thinkphp3.2/Public/Home/owl-carousel/owl.transitions.css
INFO: [ app_init ] --START--
INFO: Run Behavior\BuildLiteBehavior [ RunTime:0.000021s ]
INFO: [ app_init ] --END-- [ RunTime:0.000665s ]
ERR: 无法加载控制器:Public

[ 2016-10-10T20:23:52+08:00 ] ::1 /ITBull/BigBull_03/thinkphp3.2/index.php/register.html
INFO: [ app_init ] --START--
INFO: Run Behavior\BuildLiteBehavior [ RunTime:0.000018s ]
INFO: [ app_init ] --END-- [ RunTime:0.000585s ]

[ 2016-10-10T20:23:55+08:00 ] ::1 /ITBull/BigBull_03/thinkphp3.2/index.php/register.html
INFO: [ app_init ] --START--
INFO: Run Behavior\BuildLiteBehavior [ RunTime:0.000026s ]
INFO: [ app_init ] --END-- [ RunTime:0.000726s ]

[ 2016-10-10T20:23:55+08:00 ] ::1 /ITBull/BigBull_03/thinkphp3.2/Public/Home/owl-carousel/owl.transitions.css
INFO: [ app_init ] --START--
INFO: Run Behavior\BuildLiteBehavior [ RunTime:0.000018s ]
INFO: [ app_init ] --END-- [ RunTime:0.001121s ]
ERR: 无法加载控制器:Public

[ 2016-10-10T20:24:15+08:00 ] ::1 /ITBull/BigBull_03/thinkphp3.2/index.php/register.html
INFO: [ app_init ] --START--
INFO: Run Behavior\BuildLiteBehavior [ RunTime:0.000015s ]
INFO: [ app_init ] --END-- [ RunTime:0.000604s ]

[ 2016-10-10T20:24:16+08:00 ] ::1 /ITBull/BigBull_03/thinkphp3.2/index.php/center.html
INFO: [ app_init ] --START--
INFO: Run Behavior\BuildLiteBehavior [ RunTime:0.000013s ]
INFO: [ app_init ] --END-- [ RunTime:0.000373s ]
ERR: 无法加载控制器:Center

[ 2016-10-10T21:34:48+08:00 ] ::1 /ITBull/BigBull_03/thinkphp3.2/
INFO: [ app_init ] --START--
INFO: Run Behavior\BuildLiteBehavior [ RunTime:0.000020s ]
INFO: [ app_init ] --END-- [ RunTime:0.025061s ]

[ 2016-10-10T21:35:10+08:00 ] ::1 /ITBull/BigBull_03/thinkphp3.2/test/site/input
INFO: [ app_init ] --START--
INFO: Run Behavior\BuildLiteBehavior [ RunTime:0.000013s ]
INFO: [ app_init ] --END-- [ RunTime:0.000395s ]
ERR: 无法加载控制器:Test

[ 2016-10-10T21:40:47+08:00 ] ::1 /ITBull/BigBull_03/thinkphp3.2/index.php/test/site/input
INFO: [ app_init ] --START--
INFO: Run Behavior\BuildLiteBehavior [ RunTime:0.000019s ]
INFO: [ app_init ] --END-- [ RunTime:0.000523s ]
ERR: 无法加载控制器:Test

[ 2016-10-10T22:38:16+08:00 ] ::1 /ITBull/BigBull_03/thinkphp3.2/register
INFO: [ app_init ] --START--
INFO: Run Behavior\BuildLiteBehavior [ RunTime:0.000018s ]
INFO: [ app_init ] --END-- [ RunTime:0.023790s ]

[ 2016-10-10T22:38:17+08:00 ] ::1 /ITBull/BigBull_03/thinkphp3.2/Public/Home/owl-carousel/owl.transitions.css
INFO: [ app_init ] --START--
INFO: Run Behavior\BuildLiteBehavior [ RunTime:0.000021s ]
INFO: [ app_init ] --END-- [ RunTime:0.000546s ]
ERR: 无法加载控制器:Public

[ 2016-10-10T22:38:19+08:00 ] ::1 /ITBull/BigBull_03/thinkphp3.2/Public/Home/image/catalog/cart.png
INFO: [ app_init ] --START--
INFO: Run Behavior\BuildLiteBehavior [ RunTime:0.000028s ]
INFO: [ app_init ] --END-- [ RunTime:0.000726s ]

[ 2016-10-10T22:39:08+08:00 ] ::1 /ITBull/BigBull_03/thinkphp3.2/index.php/register.html
INFO: [ app_init ] --START--
INFO: Run Behavior\BuildLiteBehavior [ RunTime:0.000015s ]
INFO: [ app_init ] --END-- [ RunTime:0.000414s ]

[ 2016-10-10T22:39:11+08:00 ] ::1 /ITBull/BigBull_03/thinkphp3.2/index.php/register.html
INFO: [ app_init ] --START--
INFO: Run Behavior\BuildLiteBehavior [ RunTime:0.000015s ]
INFO: [ app_init ] --END-- [ RunTime:0.000435s ]

[ 2016-10-10T22:39:11+08:00 ] ::1 /ITBull/BigBull_03/thinkphp3.2/Public/Home/owl-carousel/owl.transitions.css
INFO: [ app_init ] --START--
INFO: Run Behavior\BuildLiteBehavior [ RunTime:0.000051s ]
INFO: [ app_init ] --END-- [ RunTime:0.001416s ]
ERR: 无法加载控制器:Public

[ 2016-10-10T22:39:20+08:00 ] ::1 /ITBull/BigBull_03/thinkphp3.2/index.php/register.html
INFO: [ app_init ] --START--
INFO: Run Behavior\BuildLiteBehavior [ RunTime:0.000015s ]
INFO: [ app_init ] --END-- [ RunTime:0.000424s ]

[ 2016-10-10T22:39:23+08:00 ] ::1 /ITBull/BigBull_03/thinkphp3.2/index.php/register.html
INFO: [ app_init ] --START--
INFO: Run Behavior\BuildLiteBehavior [ RunTime:0.000014s ]
INFO: [ app_init ] --END-- [ RunTime:0.000416s ]

[ 2016-10-10T22:39:23+08:00 ] ::1 /ITBull/BigBull_03/thinkphp3.2/Public/Home/owl-carousel/owl.transitions.css
INFO: [ app_init ] --START--
INFO: Run Behavior\BuildLiteBehavior [ RunTime:0.000019s ]
INFO: [ app_init ] --END-- [ RunTime:0.000722s ]
ERR: 无法加载控制器:Public

[ 2016-10-10T22:42:23+08:00 ] ::1 /ITBull/BigBull_03/thinkphp3.2/index.php/register.html
INFO: [ app_init ] --START--
INFO: Run Behavior\BuildLiteBehavior [ RunTime:0.000014s ]
INFO: [ app_init ] --END-- [ RunTime:0.000478s ]

[ 2016-10-10T22:42:26+08:00 ] ::1 /ITBull/BigBull_03/thinkphp3.2/index.php/register.html
INFO: [ app_init ] --START--
INFO: Run Behavior\BuildLiteBehavior [ RunTime:0.000013s ]
INFO: [ app_init ] --END-- [ RunTime:0.000396s ]

[ 2016-10-10T22:42:26+08:00 ] ::1 /ITBull/BigBull_03/thinkphp3.2/Public/Home/owl-carousel/owl.transitions.css
INFO: [ app_init ] --START--
INFO: Run Behavior\BuildLiteBehavior [ RunTime:0.000021s ]
INFO: [ app_init ] --END-- [ RunTime:0.000583s ]
ERR: 无法加载控制器:Public

[ 2016-10-10T22:42:40+08:00 ] ::1 /ITBull/BigBull_03/thinkphp3.2/index.php/register.html
INFO: [ app_init ] --START--
INFO: Run Behavior\BuildLiteBehavior [ RunTime:0.000013s ]
INFO: [ app_init ] --END-- [ RunTime:0.000386s ]

[ 2016-10-10T22:42:40+08:00 ] ::1 /ITBull/BigBull_03/thinkphp3.2/Public/Home/owl-carousel/owl.transitions.css
INFO: [ app_init ] --START--
INFO: Run Behavior\BuildLiteBehavior [ RunTime:0.000027s ]
INFO: [ app_init ] --END-- [ RunTime:0.000892s ]
ERR: 无法加载控制器:Public

[ 2016-10-10T22:42:42+08:00 ] ::1 /ITBull/BigBull_03/thinkphp3.2/index.php/register.html
INFO: [ app_init ] --START--
INFO: Run Behavior\BuildLiteBehavior [ RunTime:0.000019s ]
INFO: [ app_init ] --END-- [ RunTime:0.001032s ]

[ 2016-10-10T22:42:45+08:00 ] ::1 /ITBull/BigBull_03/thinkphp3.2/index.php/register.html
INFO: [ app_init ] --START--
INFO: Run Behavior\BuildLiteBehavior [ RunTime:0.000024s ]
INFO: [ app_init ] --END-- [ RunTime:0.000410s ]

[ 2016-10-10T22:42:45+08:00 ] ::1 /ITBull/BigBull_03/thinkphp3.2/Public/Home/owl-carousel/owl.transitions.css
INFO: [ app_init ] --START--
INFO: Run Behavior\BuildLiteBehavior [ RunTime:0.000016s ]
INFO: [ app_init ] --END-- [ RunTime:0.000408s ]
ERR: 无法加载控制器:Public

[ 2016-10-10T22:43:45+08:00 ] ::1 /ITBull/BigBull_03/thinkphp3.2/index.php/register.html
INFO: [ app_init ] --START--
INFO: Run Behavior\BuildLiteBehavior [ RunTime:0.000015s ]
INFO: [ app_init ] --END-- [ RunTime:0.000425s ]

[ 2016-10-10T22:43:45+08:00 ] ::1 /ITBull/BigBull_03/thinkphp3.2/Public/Home/owl-carousel/owl.transitions.css
INFO: [ app_init ] --START--
INFO: Run Behavior\BuildLiteBehavior [ RunTime:0.000015s ]
INFO: [ app_init ] --END-- [ RunTime:0.000466s ]
ERR: 无法加载控制器:Public

[ 2016-10-10T22:43:47+08:00 ] ::1 /ITBull/BigBull_03/thinkphp3.2/index.php/register.html
INFO: [ app_init ] --START--
INFO: Run Behavior\BuildLiteBehavior [ RunTime:0.000015s ]
INFO: [ app_init ] --END-- [ RunTime:0.000509s ]

[ 2016-10-10T22:43:50+08:00 ] ::1 /ITBull/BigBull_03/thinkphp3.2/index.php/register.html
INFO: [ app_init ] --START--
INFO: Run Behavior\BuildLiteBehavior [ RunTime:0.000014s ]
INFO: [ app_init ] --END-- [ RunTime:0.000379s ]

[ 2016-10-10T22:43:50+08:00 ] ::1 /ITBull/BigBull_03/thinkphp3.2/Public/Home/owl-carousel/owl.transitions.css
INFO: [ app_init ] --START--
INFO: Run Behavior\BuildLiteBehavior [ RunTime:0.000013s ]
INFO: [ app_init ] --END-- [ RunTime:0.000402s ]
ERR: 无法加载控制器:Public

[ 2016-10-10T22:44:35+08:00 ] ::1 /ITBull/BigBull_03/thinkphp3.2/index.php/register.html
INFO: [ app_init ] --START--
INFO: Run Behavior\BuildLiteBehavior [ RunTime:0.000016s ]
INFO: [ app_init ] --END-- [ RunTime:0.000473s ]

[ 2016-10-10T22:44:35+08:00 ] ::1 /ITBull/BigBull_03/thinkphp3.2/Public/Home/owl-carousel/owl.transitions.css
INFO: [ app_init ] --START--
INFO: Run Behavior\BuildLiteBehavior [ RunTime:0.000023s ]
INFO: [ app_init ] --END-- [ RunTime:0.000634s ]
ERR: 无法加载控制器:Public

[ 2016-10-10T22:44:37+08:00 ] ::1 /ITBull/BigBull_03/thinkphp3.2/index.php/register.html
INFO: [ app_init ] --START--
INFO: Run Behavior\BuildLiteBehavior [ RunTime:0.000024s ]
INFO: [ app_init ] --END-- [ RunTime:0.000526s ]

[ 2016-10-10T22:44:41+08:00 ] ::1 /ITBull/BigBull_03/thinkphp3.2/index.php/register.html
INFO: [ app_init ] --START--
INFO: Run Behavior\BuildLiteBehavior [ RunTime:0.000015s ]
INFO: [ app_init ] --END-- [ RunTime:0.000391s ]

[ 2016-10-10T22:44:41+08:00 ] ::1 /ITBull/BigBull_03/thinkphp3.2/Public/Home/owl-carousel/owl.transitions.css
INFO: [ app_init ] --START--
INFO: Run Behavior\BuildLiteBehavior [ RunTime:0.000016s ]
INFO: [ app_init ] --END-- [ RunTime:0.000452s ]
ERR: 无法加载控制器:Public

[ 2016-10-10T22:45:30+08:00 ] ::1 /ITBull/BigBull_03/thinkphp3.2/index.php/register.html
INFO: [ app_init ] --START--
INFO: Run Behavior\BuildLiteBehavior [ RunTime:0.000020s ]
INFO: [ app_init ] --END-- [ RunTime:0.001092s ]

[ 2016-10-10T22:45:30+08:00 ] ::1 /ITBull/BigBull_03/thinkphp3.2/index.php/center.html
INFO: [ app_init ] --START--
INFO: Run Behavior\BuildLiteBehavior [ RunTime:0.000014s ]
INFO: [ app_init ] --END-- [ RunTime:0.000424s ]
ERR: 无法加载控制器:Center

[ 2016-10-10T22:50:06+08:00 ] ::1 /ITBull/BigBull_03/thinkphp3.2/index.php/center.html
INFO: [ app_init ] --START--
INFO: Run Behavior\BuildLiteBehavior [ RunTime:0.000015s ]
INFO: [ app_init ] --END-- [ RunTime:0.000496s ]

[ 2016-10-10T22:50:08+08:00 ] ::1 /ITBull/BigBull_03/thinkphp3.2/index.php/register.html
INFO: [ app_init ] --START--
INFO: Run Behavior\BuildLiteBehavior [ RunTime:0.000014s ]
INFO: [ app_init ] --END-- [ RunTime:0.000413s ]

[ 2016-10-10T22:50:08+08:00 ] ::1 /ITBull/BigBull_03/thinkphp3.2/Public/Home/owl-carousel/owl.transitions.css
INFO: [ app_init ] --START--
INFO: Run Behavior\BuildLiteBehavior [ RunTime:0.000042s ]
INFO: [ app_init ] --END-- [ RunTime:0.000796s ]
ERR: 无法加载控制器:Public

